[2025-06-20T16:14:13.733] [DEBUG] debug-file - env: nodejsVersion=v18.20.1
[2025-06-20T16:14:18.965] [DEBUG] debug-file - Hvigor init with startParameters:{
  hvigorfileTypeCheck: false,
  parallelExecution: true,
  incrementalExecution: true,
  printStackTrace: false,
  daemon: false,
  analyze: 0,
  logLevel: Level { level: 20000, levelStr: 'INFO', colour: 'green' }
}
[2025-06-20T16:14:18.984] [DEBUG] debug-file - hvigorfile, resolving D:\myProjects\weexDemo\weexDemo\hvigorfile.ts
[2025-06-20T16:14:44.283] [DEBUG] debug-file - hvigorfile, require result:  { appTasks: [Getter] }
[2025-06-20T16:14:44.520] [DEBUG] debug-file - Start initialize project's product build option map with build mode debug.
[2025-06-20T16:14:44.526] [DEBUG] debug-file - Product 'default' using build option: {
  "debuggable": true
} in this build.
[2025-06-20T16:14:44.626] [DEBUG] debug-file - Sdk init in 78 ms 
[2025-06-20T16:14:44.552] [DEBUG] debug-file - Local scan or download HarmonyOS sdk components toolchains,ets,js,native,previewer
[2025-06-20T16:14:44.655] [DEBUG] debug-file - Project task initialization takes 27 ms 
[2025-06-20T16:14:44.665] [DEBUG] debug-file - hvigorfile, resolving D:\myProjects\weexDemo\weexDemo\entry\hvigorfile.ts
[2025-06-20T16:14:44.556] [DEBUG] debug-file - Local scan or download hmscore sdk components toolchains,ets,native
[2025-06-20T16:14:44.565] [DEBUG] debug-file - Start recording SDK configuration permission data.
[2025-06-20T16:14:44.706] [DEBUG] debug-file - Start initialize module-target build option map, moduleName=entry, buildMode=debug
[2025-06-20T16:14:44.716] [DEBUG] debug-file - Module entry task initialization takes 6 ms 
[2025-06-20T16:14:44.803] [DEBUG] debug-file - Configuration task cost before running: 25 s 854 ms 
[2025-06-20T16:14:44.720] [DEBUG] debug-file - project has submodules:entry
[2025-06-20T16:14:44.807] [DEBUG] debug-file - Executing task :entry:clean
[2025-06-20T16:14:44.811] [DEBUG] debug-file - entry : clean cost memory 0.24444580078125
[2025-06-20T16:14:44.827] [DEBUG] debug-file - Module 'entry' target 'default' using build option: {
  "debuggable": true,
  "copyFrom": "default"
} in this build.
[2025-06-20T16:14:13.735] [DEBUG] debug-file - env: hvigor-config.json5 content = {
  modelVersion: '5.0.0',
  dependencies: { 'fs-extra': '10.0.1', execa: '5.1.1' },
  execution: {},
  logging: {},
  debugging: {},
  nodeOptions: {}
}
[2025-06-20T16:14:18.967] [DEBUG] debug-file - Since current hvigor version 5.13.2 differs from last hvigor version 
      undefined, delete file-cache.json and task-cache.json.
[2025-06-20T16:14:44.283] [DEBUG] debug-file - hvigorfile, binding system plugins { appTasks: [Getter] }
[2025-06-20T16:14:44.521] [DEBUG] debug-file - Picking option from product 'default' with build mode 'debug'.
[2025-06-20T16:14:44.547] [DEBUG] debug-file - No signingConfig found, initRemoteHspCache failed.
[2025-06-20T16:14:44.655] [DEBUG] debug-file - hvigorfile, resolve finished D:\myProjects\weexDemo\weexDemo\hvigorfile.ts
[2025-06-20T16:14:44.693] [DEBUG] debug-file - hvigorfile, require result:  { default: { system: [Function: hapTasks], plugins: [] } }
[2025-06-20T16:14:44.706] [DEBUG] debug-file - Target 'default' config: {}
[2025-06-20T16:14:44.716] [DEBUG] debug-file - hvigorfile, binding custom plugins []
[2025-06-20T16:14:44.722] [DEBUG] debug-file - start to load updatedOhPackageInfo to the disk
[2025-06-20T16:14:44.807] [DEBUG] debug-file - clean: Worker pool is inactive.
[2025-06-20T16:14:44.811] [DEBUG] debug-file - runTaskFromQueue task cost before running: 25 s 862 ms 
[2025-06-20T16:14:44.832] [DEBUG] debug-file - Module 'entry' target 'ohosTest' using build option: {
  "debuggable": true
} in this build.
[2025-06-20T16:14:44.868] [DEBUG] debug-file - Create  resident worker with id: 0.
[2025-06-20T16:14:13.737] [DEBUG] debug-file - env: daemon=false
[2025-06-20T16:14:18.967] [DEBUG] debug-file - Cache service initialization finished in 2 ms 
[2025-06-20T16:14:44.521] [DEBUG] debug-file - Product 'default' build option: {}
[2025-06-20T16:14:44.693] [DEBUG] debug-file - hvigorfile, binding system plugins [Function: hapTasks]
[2025-06-20T16:14:44.707] [DEBUG] debug-file - Target 'ohosTest' config: {}
[2025-06-20T16:14:44.716] [DEBUG] debug-file - hvigorfile, no custom plugins were found in D:\myProjects\weexDemo\weexDemo\entry\hvigorfile.ts
[2025-06-20T16:14:44.727] [DEBUG] debug-file - load to the disk finished
[2025-06-20T16:14:44.812] [INFO] debug-file - Finished :entry:clean... after 4 ms 
[2025-06-20T16:14:44.836] [DEBUG] debug-file - hvigor start cli arguments:{
  prop: [ 'product=default' ],
  sync: true,
  parallel: true,
  incremental: true,
  daemon: false,
  _: [],
  analyze: 'normal'
}
[2025-06-20T16:14:44.870] [DEBUG] debug-file - Create  resident worker with id: 1.
[2025-06-20T16:14:13.737] [DEBUG] debug-file - no-daemon, use the parent process.execArgv --max-old-space-size=8192,--expose-gc
[2025-06-20T16:14:44.521] [DEBUG] debug-file - End initialize project's product build option map with build mode 'debug'.
[2025-06-20T16:14:44.707] [DEBUG] debug-file - Module 'entry' target 'default' build option: {
  "debuggable": true,
  "copyFrom": "default"
}
[2025-06-20T16:14:44.716] [DEBUG] debug-file - hvigorfile, resolve finished D:\myProjects\weexDemo\weexDemo\entry\hvigorfile.ts
[2025-06-20T16:14:44.740] [DEBUG] debug-file - Module weexDemo Collected Dependency: 
[2025-06-20T16:14:44.812] [DEBUG] debug-file - Executing task ::clean
[2025-06-20T16:14:44.865] [DEBUG] debug-file - Since there is no instance or instance is terminated, create a new worker pool.
[2025-06-20T16:14:44.872] [DEBUG] debug-file - Current worker pool is stopped or closed.
[2025-06-20T16:14:44.707] [DEBUG] debug-file - Module 'entry' target 'ohosTest' build option: {
  "debuggable": true
}
[2025-06-20T16:14:44.740] [DEBUG] debug-file - Module weexDemo's total dependency: 0
[2025-06-20T16:14:44.812] [DEBUG] debug-file - clean: Worker pool is inactive.
[2025-06-20T16:14:44.865] [DEBUG] debug-file - Worker pool is initialized with config:  {
  minPoolNum: 2,
  maxPoolNum: undefined,
  maxCoreSize: undefined,
  cacheCapacity: undefined,
  cacheTtl: undefined
}
[2025-06-20T16:14:44.873] [DEBUG] debug-file - Clear worker 0.
[2025-06-20T16:14:44.707] [DEBUG] debug-file - End initialize module-target build option map, moduleName=entry
[2025-06-20T16:14:44.794] [DEBUG] debug-file - Module entry Collected Dependency: D:\myProjects\weexDemo\weexDemo\oh_modules\.ohpm\advancedApi@k0w8fqmuk3iqixwrrr4bzv8ox4wdllcxstze3msxqv4=\oh_modules\advancedApi,D:\myProjects\weexDemo\weexDemo\oh_modules\.ohpm\webSceneAPI@so9+nnnqac1n3jbjnejibr1pq38gckruahrnz2rq6y0=\oh_modules\webSceneAPI,D:\myProjects\weexDemo\weexDemo\oh_modules\.ohpm\@ohos+lottie@2.0.10-rc.4\oh_modules\@ohos\lottie,D:\myProjects\weexDemo\weexDemo\oh_modules\.ohpm\WebSceneKitHsp@mm3gom9p+zxdwkqotk12wt+m6xnnlvmf+lrxhh85exk=\oh_modules\WebSceneKitHsp
[2025-06-20T16:14:44.813] [DEBUG] debug-file - weexDemo : clean cost memory 0.03145599365234375
[2025-06-20T16:14:44.873] [DEBUG] debug-file - Worker 0 has been cleared.
[2025-06-20T16:14:44.707] [DEBUG] debug-file - Module 'entry' target 'default' using build option: {
  "debuggable": true,
  "copyFrom": "default"
} in this build.
[2025-06-20T16:14:44.794] [DEBUG] debug-file - Module entry's total dependency: 4
[2025-06-20T16:14:44.873] [DEBUG] debug-file - Current idle worker size: 1.
[2025-06-20T16:14:44.813] [DEBUG] debug-file - runTaskFromQueue task cost before running: 25 s 864 ms 
[2025-06-20T16:14:44.799] [DEBUG] debug-file - Configuration phase cost:25 s 826 ms 
[2025-06-20T16:14:44.873] [DEBUG] debug-file - Current busy worker size: 0.
[2025-06-20T16:14:44.813] [INFO] debug-file - Finished ::clean... after 1 ms 
[2025-06-20T16:14:44.873] [DEBUG] debug-file - Clear worker 1.
[2025-06-20T16:14:44.814] [DEBUG] debug-file - Executing task :entry:init
[2025-06-20T16:14:44.814] [DEBUG] debug-file - entry : init cost memory 0.01015472412109375
[2025-06-20T16:14:44.873] [DEBUG] debug-file - Worker 1 has been cleared.
[2025-06-20T16:14:44.814] [DEBUG] debug-file - runTaskFromQueue task cost before running: 25 s 865 ms 
[2025-06-20T16:14:44.873] [DEBUG] debug-file - Current idle worker size: 0.
[2025-06-20T16:14:44.814] [INFO] debug-file - Finished :entry:init... after 1 ms 
[2025-06-20T16:14:44.873] [DEBUG] debug-file - Current busy worker size: 0.
[2025-06-20T16:14:44.814] [DEBUG] debug-file - Executing task ::init
[2025-06-20T16:14:44.874] [DEBUG] debug-file - hvigor build process will be closed.
[2025-06-20T16:14:44.814] [DEBUG] debug-file - weexDemo : init cost memory 0.0089111328125
[2025-06-20T16:14:44.880] [DEBUG] debug-file - worker[0] exits with exit code 0.
[2025-06-20T16:14:44.814] [DEBUG] debug-file - runTaskFromQueue task cost before running: 25 s 865 ms 
[2025-06-20T16:14:44.880] [DEBUG] debug-file - worker[1] exits with exit code 0.
[2025-06-20T16:14:44.814] [INFO] debug-file - Finished ::init... after 1 ms 
[2025-06-20T16:14:44.886] [DEBUG] debug-file - Current worker pool is terminated.
[2025-06-20T16:19:07.278] [DEBUG] debug-file - env: nodejsVersion=v18.20.1
[2025-06-20T16:19:07.570] [DEBUG] debug-file - env: daemon=true
[2025-06-20T16:19:07.280] [DEBUG] debug-file - env: hvigor-config.json5 content = {
  modelVersion: '5.0.0',
  dependencies: { 'fs-extra': '10.0.1', execa: '5.1.1' },
  execution: {},
  logging: {},
  debugging: {},
  nodeOptions: {}
}
[2025-06-20T16:19:09.891] [DEBUG] debug-file - hvigor start cli arguments:{
  prop: [ 'product=default' ],
  sync: true,
  parallel: true,
  incremental: true,
  daemon: true,
  _: [ '--analyze=normal' ]
}
[2025-06-20T16:19:09.872] [DEBUG] debug-file - java daemon tryConnect failed Error: connect ECONNREFUSED 127.0.0.1:45050
[2025-06-20T16:19:10.633] [DEBUG] debug-file - java daemon started at port 45050 pid 7336
[2025-06-20T16:19:10.659] [DEBUG] debug-file - session manager: set active socket. socketId=oX8khHIdm8_U5T3PAAAB
[2025-06-20T16:19:10.674] [DEBUG] debug-file - watch worker: worker id should be larger than 0. Nothing will be sent to any worker thread.
[2025-06-20T16:19:10.692] [DEBUG] debug-file - Hvigor init with startParameters:{
  hvigorfileTypeCheck: false,
  parallelExecution: true,
  incrementalExecution: true,
  printStackTrace: false,
  daemon: true,
  analyze: 0,
  logLevel: Level { level: 20000, levelStr: 'INFO', colour: 'green' }
}
[2025-06-20T16:19:10.694] [DEBUG] debug-file - Cache service initialization finished in 2 ms 
[2025-06-20T16:19:10.705] [DEBUG] debug-file - hvigorfile, resolving D:\myProjects\weexDemo\weexDemo\hvigorfile.ts
[2025-06-20T16:19:12.103] [DEBUG] debug-file - hvigorfile, require result:  {}
[2025-06-20T16:19:12.103] [DEBUG] debug-file - hvigorfile, binding system plugins {}
[2025-06-20T16:19:12.289] [DEBUG] debug-file - Start initialize project's product build option map with build mode debug.
[2025-06-20T16:19:12.290] [DEBUG] debug-file - Picking option from product 'default' with build mode 'debug'.
[2025-06-20T16:19:12.290] [DEBUG] debug-file - Product 'default' build option: {}
[2025-06-20T16:19:12.290] [DEBUG] debug-file - End initialize project's product build option map with build mode 'debug'.
[2025-06-20T16:19:12.294] [DEBUG] debug-file - Product 'default' using build option: {
  "debuggable": true
} in this build.
[2025-06-20T16:19:12.295] [DEBUG] debug-file - No signingConfig found, initRemoteHspCache failed.
[2025-06-20T16:19:12.300] [DEBUG] debug-file - Local scan or download HarmonyOS sdk components toolchains,ets,js,native,previewer
[2025-06-20T16:19:12.303] [DEBUG] debug-file - Local scan or download hmscore sdk components toolchains,ets,native
[2025-06-20T16:19:12.309] [DEBUG] debug-file - Start recording SDK configuration permission data.
[2025-06-20T16:19:12.333] [DEBUG] debug-file - Sdk init in 36 ms 
[2025-06-20T16:19:12.352] [DEBUG] debug-file - Project task initialization takes 17 ms 
[2025-06-20T16:19:12.352] [DEBUG] debug-file - hvigorfile, resolve finished D:\myProjects\weexDemo\weexDemo\hvigorfile.ts
[2025-06-20T16:19:12.359] [DEBUG] debug-file - hvigorfile, resolving D:\myProjects\weexDemo\weexDemo\webScenekitHsp\hvigorfile.ts
[2025-06-20T16:19:12.371] [DEBUG] debug-file - hvigorfile, require result:  { default: { plugins: [] } }
[2025-06-20T16:19:12.371] [DEBUG] debug-file - hvigorfile, binding system plugins null
[2025-06-20T16:19:12.382] [DEBUG] debug-file - Start initialize module-target build option map, moduleName=WebScenekitHsp, buildMode=debug
[2025-06-20T16:19:12.382] [DEBUG] debug-file - Target 'default' config: {}
[2025-06-20T16:19:12.383] [DEBUG] debug-file - Module 'WebScenekitHsp' target 'default' build option: {
  "debuggable": true,
  "copyFrom": "default",
  "name": "debug"
}
[2025-06-20T16:19:12.383] [DEBUG] debug-file - End initialize module-target build option map, moduleName=WebScenekitHsp
[2025-06-20T16:19:12.383] [DEBUG] debug-file - Module 'WebScenekitHsp' target 'default' using build option: {
  "debuggable": true,
  "copyFrom": "default",
  "name": "debug"
} in this build.
[2025-06-20T16:19:12.390] [DEBUG] debug-file - Module WebScenekitHsp task initialization takes 5 ms 
[2025-06-20T16:19:12.391] [DEBUG] debug-file - hvigorfile, binding custom plugins []
[2025-06-20T16:19:12.391] [DEBUG] debug-file - hvigorfile, no custom plugins were found in D:\myProjects\weexDemo\weexDemo\webScenekitHsp\hvigorfile.ts
[2025-06-20T16:19:12.391] [DEBUG] debug-file - hvigorfile, resolve finished D:\myProjects\weexDemo\weexDemo\webScenekitHsp\hvigorfile.ts
[2025-06-20T16:19:12.466] [DEBUG] debug-file - hvigorfile, resolve hvigorfile dependencies in 73 ms 
[2025-06-20T16:19:12.467] [DEBUG] debug-file - project has submodules:WebScenekitHsp
[2025-06-20T16:19:12.467] [DEBUG] debug-file - module:WebScenekitHsp no need to execute packageHap
[2025-06-20T16:19:12.469] [DEBUG] debug-file - start to load updatedOhPackageInfo to the disk
[2025-06-20T16:19:12.474] [DEBUG] debug-file - load to the disk finished
[2025-06-20T16:19:12.479] [DEBUG] debug-file - Module weexDemo Collected Dependency: 
[2025-06-20T16:19:12.479] [DEBUG] debug-file - Module weexDemo's total dependency: 0
[2025-06-20T16:19:12.482] [DEBUG] debug-file - Module WebScenekitHsp Collected Dependency: 
[2025-06-20T16:19:12.482] [DEBUG] debug-file - Module WebScenekitHsp's total dependency: 0
[2025-06-20T16:19:12.487] [DEBUG] debug-file - Configuration phase cost:1 s 788 ms 
[2025-06-20T16:19:12.490] [DEBUG] debug-file - Configuration task cost before running: 1 s 811 ms 
[2025-06-20T16:19:12.490] [DEBUG] debug-file - Executing task :WebScenekitHsp:init
[2025-06-20T16:19:12.491] [DEBUG] debug-file - WebScenekitHsp : init cost memory 0.0156097412109375
[2025-06-20T16:19:12.491] [DEBUG] debug-file - runTaskFromQueue task cost before running: 1 s 812 ms 
[2025-06-20T16:19:12.491] [INFO] debug-file - Finished :WebScenekitHsp:init... after 1 ms 
[2025-06-20T16:19:12.491] [DEBUG] debug-file - Executing task ::init
[2025-06-20T16:19:12.492] [DEBUG] debug-file - weexDemo : init cost memory 0.0127716064453125
[2025-06-20T16:19:12.492] [DEBUG] debug-file - runTaskFromQueue task cost before running: 1 s 813 ms 
[2025-06-20T16:19:12.492] [INFO] debug-file - Finished ::init... after 1 ms 
[2025-06-20T16:19:12.503] [DEBUG] debug-file - Module 'WebScenekitHsp' target 'default' using build option: {
  "debuggable": true,
  "copyFrom": "default",
  "name": "debug"
} in this build.
[2025-06-20T16:19:12.507] [DEBUG] debug-file - Since there is no instance or instance is terminated, create a new worker pool.
[2025-06-20T16:19:12.507] [DEBUG] debug-file - Worker pool is initialized with config:  {
  minPoolNum: 2,
  maxPoolNum: undefined,
  maxCoreSize: undefined,
  cacheCapacity: undefined,
  cacheTtl: undefined
}
[2025-06-20T16:19:12.509] [DEBUG] debug-file - Create  resident worker with id: 0.
[2025-06-20T16:19:12.511] [DEBUG] debug-file - session manager: send message to worker process.
[2025-06-20T16:19:12.511] [DEBUG] debug-file - session manager: send message to worker process.
[2025-06-20T16:19:12.513] [DEBUG] debug-file - Create  resident worker with id: 1.
[2025-06-20T16:19:12.518] [DEBUG] debug-file - Cleanup worker 0.
[2025-06-20T16:19:12.519] [DEBUG] debug-file - Worker 0 has been cleaned up.
[2025-06-20T16:19:12.519] [DEBUG] debug-file - Current idle worker size: 1.
[2025-06-20T16:19:12.519] [DEBUG] debug-file - Current resident worker size: 2.
[2025-06-20T16:19:12.519] [DEBUG] debug-file - Cleanup worker 1.
[2025-06-20T16:19:12.519] [DEBUG] debug-file - Worker 1 has been cleaned up.
[2025-06-20T16:19:12.519] [DEBUG] debug-file - Current idle worker size: 0.
[2025-06-20T16:19:12.519] [DEBUG] debug-file - Current resident worker size: 2.
[2025-06-20T16:19:12.521] [DEBUG] debug-file - hvigor build process will be closed.
[2025-06-20T16:19:12.786] [DEBUG] debug-file - watch worker: worker id should be larger than 0. Nothing will be sent to any worker thread.
[2025-06-20T16:19:12.786] [DEBUG] debug-file - watch worker: worker id should be larger than 0. Nothing will be sent to any worker thread.
[2025-06-20T16:19:12.787] [DEBUG] debug-file - worker[0] exits with exit code 0.
[2025-06-20T16:19:12.787] [DEBUG] debug-file - worker[1] exits with exit code 0.
